<?xml version="1.0" encoding="UTF-8"?>
<coverage generated="1771533727096" clover="3.2.0">
  <project timestamp="1771533727096" name="All files">
    <metrics statements="30" coveredstatements="29" conditionals="13" coveredconditionals="12" methods="16" coveredmethods="15" elements="59" coveredelements="56" complexity="0" loc="30" ncloc="30" packages="2" files="6" classes="6"/>
    <package name="components.instruments-table">
      <metrics statements="22" coveredstatements="21" conditionals="13" coveredconditionals="12" methods="10" coveredmethods="9"/>
      <file name="InstrumentsTable.tsx" path="C:\Work\Projects\React\fintech-app\src\components\instruments-table\InstrumentsTable.tsx">
        <metrics statements="9" coveredstatements="9" conditionals="3" coveredconditionals="3" methods="3" coveredmethods="3"/>
        <line num="14" count="1" type="stmt"/>
        <line num="15" count="7" type="stmt"/>
        <line num="17" count="7" type="stmt"/>
        <line num="18" count="7" type="cond" truecount="3" falsecount="0"/>
        <line num="20" count="1" type="stmt"/>
        <line num="22" count="1" type="stmt"/>
        <line num="24" count="5" type="stmt"/>
        <line num="28" count="7" type="stmt"/>
        <line num="34" count="19" type="stmt"/>
      </file>
      <file name="TableHeader.tsx" path="C:\Work\Projects\React\fintech-app\src\components\instruments-table\TableHeader.tsx">
        <metrics statements="9" coveredstatements="8" conditionals="8" coveredconditionals="8" methods="6" coveredmethods="5"/>
        <line num="10" count="1" type="stmt"/>
        <line num="11" count="21" type="cond" truecount="2" falsecount="0"/>
        <line num="16" count="1" type="stmt"/>
        <line num="17" count="7" type="stmt"/>
        <line num="18" count="14" type="cond" truecount="2" falsecount="0"/>
        <line num="20" count="7" type="stmt"/>
        <line num="26" count="1" type="stmt"/>
        <line num="35" count="1" type="stmt"/>
        <line num="44" count="0" type="stmt"/>
      </file>
      <file name="TableRow.tsx" path="C:\Work\Projects\React\fintech-app\src\components\instruments-table\TableRow.tsx">
        <metrics statements="4" coveredstatements="4" conditionals="2" coveredconditionals="1" methods="1" coveredmethods="1"/>
        <line num="4" count="1" type="stmt"/>
        <line num="6" count="19" type="cond" truecount="1" falsecount="1"/>
        <line num="8" count="19" type="stmt"/>
        <line num="13" count="19" type="stmt"/>
      </file>
      <file name="instrumentsTable.module.css" path="C:\Work\Projects\React\fintech-app\src\components\instruments-table\instrumentsTable.module.css">
        <metrics statements="0" coveredstatements="0" conditionals="0" coveredconditionals="0" methods="0" coveredmethods="0"/>
      </file>
    </package>
    <package name="utils">
      <metrics statements="8" coveredstatements="8" conditionals="0" coveredconditionals="0" methods="6" coveredmethods="6"/>
      <file name="assetClassConfig.ts" path="C:\Work\Projects\React\fintech-app\src\utils\assetClassConfig.ts">
        <metrics statements="1" coveredstatements="1" conditionals="0" coveredconditionals="0" methods="0" coveredmethods="0"/>
        <line num="3" count="2" type="stmt"/>
      </file>
      <file name="sorters.ts" path="C:\Work\Projects\React\fintech-app\src\utils\sorters.ts">
        <metrics statements="7" coveredstatements="7" conditionals="0" coveredconditionals="0" methods="6" coveredmethods="6"/>
        <line num="4" count="2" type="stmt"/>
        <line num="5" count="6" type="stmt"/>
        <line num="7" count="2" type="stmt"/>
        <line num="8" count="7" type="stmt"/>
        <line num="10" count="2" type="stmt"/>
        <line num="11" count="6" type="stmt"/>
        <line num="13" count="20" type="stmt"/>
      </file>
    </package>
  </project>
</coverage>
