{"C:\\Work\\Projects\\React\\fintech-app\\src\\components\\instruments-table\\InstrumentsTable.tsx": {"path":"C:\\Work\\Projects\\React\\fintech-app\\src\\components\\instruments-table\\InstrumentsTable.tsx","statementMap":{"0":{"start":{"line":14,"column":32},"end":{"line":40,"column":null}},"1":{"start":{"line":15,"column":32},"end":{"line":15,"column":null}},"2":{"start":{"line":17,"column":8},"end":{"line":26,"column":null}},"3":{"start":{"line":18,"column":4},"end":{"line":25,"column":null}},"4":{"start":{"line":20,"column":8},"end":{"line":20,"column":null}},"5":{"start":{"line":22,"column":8},"end":{"line":22,"column":null}},"6":{"start":{"line":24,"column":8},"end":{"line":24,"column":null}},"7":{"start":{"line":28,"column":2},"end":{"line":38,"column":null}},"8":{"start":{"line":34,"column":12},"end":{"line":34,"column":null}}},"fnMap":{"0":{"name":"(anonymous_0)","decl":{"start":{"line":14,"column":32},"end":{"line":14,"column":33}},"loc":{"start":{"line":14,"column":70},"end":{"line":40,"column":null}},"line":14},"1":{"name":"(anonymous_1)","decl":{"start":{"line":17,"column":29},"end":{"line":17,"column":35}},"loc":{"start":{"line":17,"column":35},"end":{"line":26,"column":5}},"line":17},"2":{"name":"(anonymous_2)","decl":{"start":{"line":33,"column":26},"end":{"line":33,"column":27}},"loc":{"start":{"line":34,"column":12},"end":{"line":34,"column":null}},"line":34}},"branchMap":{"0":{"loc":{"start":{"line":18,"column":4},"end":{"line":25,"column":null}},"type":"switch","locations":[{"start":{"line":19,"column":6},"end":{"line":20,"column":null}},{"start":{"line":21,"column":6},"end":{"line":22,"column":null}},{"start":{"line":23,"column":6},"end":{"line":24,"column":null}}],"line":18}},"s":{"0":1,"1":7,"2":7,"3":7,"4":1,"5":1,"6":5,"7":7,"8":19},"f":{"0":7,"1":7,"2":19},"b":{"0":[1,1,5]},"meta":{"lastBranch":1,"lastFunction":3,"lastStatement":9,"seen":{"s:14:32:40:Infinity":0,"f:14:32:14:33":0,"s:15:32:15:Infinity":1,"s:17:8:26:Infinity":2,"f:17:29:17:35":1,"b:19:6:20:Infinity:21:6:22:Infinity:23:6:24:Infinity":0,"s:18:4:25:Infinity":3,"s:20:8:20:Infinity":4,"s:22:8:22:Infinity":5,"s:24:8:24:Infinity":6,"s:28:2:38:Infinity":7,"f:33:26:33:27":2,"s:34:12:34:Infinity":8}}}
,"C:\\Work\\Projects\\React\\fintech-app\\src\\components\\instruments-table\\TableHeader.tsx": {"path":"C:\\Work\\Projects\\React\\fintech-app\\src\\components\\instruments-table\\TableHeader.tsx","statementMap":{"0":{"start":{"line":10,"column":17},"end":{"line":13,"column":null}},"1":{"start":{"line":11,"column":2},"end":{"line":13,"column":null}},"2":{"start":{"line":16,"column":27},"end":{"line":53,"column":null}},"3":{"start":{"line":17,"column":19},"end":{"line":18,"column":null}},"4":{"start":{"line":18,"column":4},"end":{"line":18,"column":null}},"5":{"start":{"line":20,"column":2},"end":{"line":51,"column":null}},"6":{"start":{"line":26,"column":27},"end":{"line":26,"column":null}},"7":{"start":{"line":35,"column":27},"end":{"line":35,"column":null}},"8":{"start":{"line":44,"column":27},"end":{"line":44,"column":null}}},"fnMap":{"0":{"name":"(anonymous_0)","decl":{"start":{"line":10,"column":17},"end":{"line":10,"column":18}},"loc":{"start":{"line":11,"column":2},"end":{"line":13,"column":null}},"line":11},"1":{"name":"(anonymous_1)","decl":{"start":{"line":16,"column":27},"end":{"line":16,"column":28}},"loc":{"start":{"line":16,"column":63},"end":{"line":53,"column":null}},"line":16},"2":{"name":"(anonymous_2)","decl":{"start":{"line":17,"column":19},"end":{"line":17,"column":20}},"loc":{"start":{"line":18,"column":4},"end":{"line":18,"column":null}},"line":18},"3":{"name":"(anonymous_3)","decl":{"start":{"line":26,"column":21},"end":{"line":26,"column":27}},"loc":{"start":{"line":26,"column":27},"end":{"line":26,"column":null}},"line":26},"4":{"name":"(anonymous_4)","decl":{"start":{"line":35,"column":21},"end":{"line":35,"column":27}},"loc":{"start":{"line":35,"column":27},"end":{"line":35,"column":null}},"line":35},"5":{"name":"(anonymous_5)","decl":{"start":{"line":44,"column":21},"end":{"line":44,"column":27}},"loc":{"start":{"line":44,"column":27},"end":{"line":44,"column":null}},"line":44}},"branchMap":{"0":{"loc":{"start":{"line":11,"column":26},"end":{"line":11,"column":45}},"type":"cond-expr","locations":[{"start":{"line":11,"column":35},"end":{"line":11,"column":39}},{"start":{"line":11,"column":39},"end":{"line":11,"column":45}}],"line":11},"1":{"loc":{"start":{"line":12,"column":5},"end":{"line":12,"column":null}},"type":"cond-expr","locations":[{"start":{"line":12,"column":14},"end":{"line":12,"column":20}},{"start":{"line":12,"column":20},"end":{"line":12,"column":null}}],"line":12},"2":{"loc":{"start":{"line":18,"column":4},"end":{"line":18,"column":null}},"type":"cond-expr","locations":[{"start":{"line":18,"column":28},"end":{"line":18,"column":48}},{"start":{"line":18,"column":48},"end":{"line":18,"column":null}}],"line":18},"3":{"loc":{"start":{"line":34,"column":24},"end":{"line":34,"column":null}},"type":"cond-expr","locations":[{"start":{"line":34,"column":50},"end":{"line":34,"column":70}},{"start":{"line":34,"column":70},"end":{"line":34,"column":null}}],"line":34}},"s":{"0":1,"1":21,"2":1,"3":7,"4":14,"5":7,"6":1,"7":1,"8":0},"f":{"0":21,"1":7,"2":14,"3":1,"4":1,"5":0},"b":{"0":[7,14],"1":[7,14],"2":[6,8],"3":[1,6]},"meta":{"lastBranch":4,"lastFunction":6,"lastStatement":9,"seen":{"s:10:17:13:Infinity":0,"f:10:17:10:18":0,"s:11:2:13:Infinity":1,"b:11:35:11:39:11:39:11:45":0,"b:12:14:12:20:12:20:12:Infinity":1,"s:16:27:53:Infinity":2,"f:16:27:16:28":1,"s:17:19:18:Infinity":3,"f:17:19:17:20":2,"s:18:4:18:Infinity":4,"b:18:28:18:48:18:48:18:Infinity":2,"s:20:2:51:Infinity":5,"f:26:21:26:27":3,"s:26:27:26:Infinity":6,"b:34:50:34:70:34:70:34:Infinity":3,"f:35:21:35:27":4,"s:35:27:35:Infinity":7,"f:44:21:44:27":5,"s:44:27:44:Infinity":8}}}
,"C:\\Work\\Projects\\React\\fintech-app\\src\\components\\instruments-table\\TableRow.tsx": {"path":"C:\\Work\\Projects\\React\\fintech-app\\src\\components\\instruments-table\\TableRow.tsx","statementMap":{"0":{"start":{"line":4,"column":24},"end":{"line":24,"column":null}},"1":{"start":{"line":6,"column":4},"end":{"line":6,"column":null}},"2":{"start":{"line":8,"column":25},"end":{"line":11,"column":null}},"3":{"start":{"line":13,"column":2},"end":{"line":22,"column":null}}},"fnMap":{"0":{"name":"(anonymous_0)","decl":{"start":{"line":4,"column":24},"end":{"line":4,"column":25}},"loc":{"start":{"line":4,"column":72},"end":{"line":24,"column":null}},"line":4}},"branchMap":{"0":{"loc":{"start":{"line":6,"column":4},"end":{"line":6,"column":null}},"type":"cond-expr","locations":[{"start":{"line":6,"column":28},"end":{"line":6,"column":46}},{"start":{"line":6,"column":46},"end":{"line":6,"column":null}}],"line":6}},"s":{"0":1,"1":19,"2":19,"3":19},"f":{"0":19},"b":{"0":[19,0]},"meta":{"lastBranch":1,"lastFunction":1,"lastStatement":4,"seen":{"s:4:24:24:Infinity":0,"f:4:24:4:25":0,"s:6:4:6:Infinity":1,"b:6:28:6:46:6:46:6:Infinity":0,"s:8:25:11:Infinity":2,"s:13:2:22:Infinity":3}}}
,"C:\\Work\\Projects\\React\\fintech-app\\src\\components\\instruments-table\\instrumentsTable.module.css": {"path":"C:\\Work\\Projects\\React\\fintech-app\\src\\components\\instruments-table\\instrumentsTable.module.css","statementMap":{},"fnMap":{},"branchMap":{},"s":{},"f":{},"b":{},"meta":{"lastBranch":0,"lastFunction":0,"lastStatement":0,"seen":{}}}
,"C:\\Work\\Projects\\React\\fintech-app\\src\\utils\\assetClassConfig.ts": {"path":"C:\\Work\\Projects\\React\\fintech-app\\src\\utils\\assetClassConfig.ts","statementMap":{"0":{"start":{"line":3,"column":62},"end":{"line":7,"column":null}}},"fnMap":{},"branchMap":{},"s":{"0":2},"f":{},"b":{},"meta":{"lastBranch":0,"lastFunction":0,"lastStatement":1,"seen":{"s:3:62:7:Infinity":0}}}
,"C:\\Work\\Projects\\React\\fintech-app\\src\\utils\\sorters.ts": {"path":"C:\\Work\\Projects\\React\\fintech-app\\src\\utils\\sorters.ts","statementMap":{"0":{"start":{"line":4,"column":28},"end":{"line":5,"column":null}},"1":{"start":{"line":5,"column":2},"end":{"line":5,"column":null}},"2":{"start":{"line":5,"column":27},"end":{"line":5,"column":59}},"3":{"start":{"line":7,"column":31},"end":{"line":8,"column":null}},"4":{"start":{"line":8,"column":2},"end":{"line":8,"column":null}},"5":{"start":{"line":8,"column":27},"end":{"line":8,"column":44}},"6":{"start":{"line":10,"column":32},"end":{"line":15,"column":null}},"7":{"start":{"line":11,"column":2},"end":{"line":15,"column":null}},"8":{"start":{"line":13,"column":6},"end":{"line":14,"column":null}}},"fnMap":{"0":{"name":"(anonymous_0)","decl":{"start":{"line":4,"column":28},"end":{"line":4,"column":29}},"loc":{"start":{"line":5,"column":2},"end":{"line":5,"column":null}},"line":5},"1":{"name":"(anonymous_1)","decl":{"start":{"line":5,"column":17},"end":{"line":5,"column":18}},"loc":{"start":{"line":5,"column":27},"end":{"line":5,"column":59}},"line":5},"2":{"name":"(anonymous_2)","decl":{"start":{"line":7,"column":31},"end":{"line":7,"column":32}},"loc":{"start":{"line":8,"column":2},"end":{"line":8,"column":null}},"line":8},"3":{"name":"(anonymous_3)","decl":{"start":{"line":8,"column":17},"end":{"line":8,"column":18}},"loc":{"start":{"line":8,"column":27},"end":{"line":8,"column":44}},"line":8},"4":{"name":"(anonymous_4)","decl":{"start":{"line":10,"column":32},"end":{"line":10,"column":33}},"loc":{"start":{"line":11,"column":2},"end":{"line":15,"column":null}},"line":11},"5":{"name":"(anonymous_5)","decl":{"start":{"line":12,"column":4},"end":{"line":12,"column":5}},"loc":{"start":{"line":13,"column":6},"end":{"line":14,"column":null}},"line":13}},"branchMap":{},"s":{"0":2,"1":2,"2":6,"3":2,"4":2,"5":7,"6":2,"7":6,"8":20},"f":{"0":2,"1":6,"2":2,"3":7,"4":6,"5":20},"b":{},"meta":{"lastBranch":0,"lastFunction":6,"lastStatement":9,"seen":{"s:4:28:5:Infinity":0,"f:4:28:4:29":0,"s:5:2:5:Infinity":1,"f:5:17:5:18":1,"s:5:27:5:59":2,"s:7:31:8:Infinity":3,"f:7:31:7:32":2,"s:8:2:8:Infinity":4,"f:8:17:8:18":3,"s:8:27:8:44":5,"s:10:32:15:Infinity":6,"f:10:32:10:33":4,"s:11:2:15:Infinity":7,"f:12:4:12:5":5,"s:13:6:14:Infinity":8}}}
}
